<?xml version="1.0" encoding="UTF-8"?>
<!-- Generated by org.testng.reporters.JUnitReportReporter -->
<testsuite hostname="LAPTOP-N2AA0IIU" name="runner.TestRun" tests="1" failures="0" timestamp="11 Sep 2023 11:43:21 GMT" time="60.130" errors="0">
  <testcase name="tc1" time="60.130" classname="runner.TestRun"/>
</testsuite> <!-- runner.TestRun -->
